<?xml version="1.0" encoding="UTF-8"?>
<testsuite xmlns:xsi="http://www.w3.org/2001/XMLSchema-instance" xsi:noNamespaceSchemaLocation="https://maven.apache.org/surefire/maven-failsafe-plugin/xsd/failsafe-test-report.xsd" name="Parallel02IT" time="74.555" tests="20" errors="0" skipped="0" failures="0">
  <properties>
[...]
</properties>
  <testcase name="Given I am on the home page" classname="Scenario: home" time="0"/>
  <testcase name="Given I am on the home page" classname="Scenario: home" time="0"/>
  <testcase name="Given I am on the home page" classname="Scenario: home" time="0"/>
  <testcase name="Given I am on the home page" classname="Scenario: home" time="0"/>
  <testcase name="When I enter the search term &quot;Amazon&quot; into the search bar" classname="Scenario: home" time="0"/>
  <testcase name="When I enter the search term &quot;Amazon&quot; into the search bar" classname="Scenario: home" time="0"/>
  <testcase name="When I enter the search term &quot;Amazon&quot; into the search bar" classname="Scenario: home" time="0"/>
  <testcase name="When I enter the search term &quot;Amazon&quot; into the search bar" classname="Scenario: home" time="0"/>
  <testcase name="Then I can see the search results for &quot;Amazon&quot; in the search results page" classname="Scenario: home" time="0"/>
  <testcase name="Then I can see the search results for &quot;Amazon&quot; in the search results page" classname="Scenario: home" time="0"/>
  <testcase name="Then I can see the search results for &quot;Amazon&quot; in the search results page" classname="Scenario: home" time="0"/>
  <testcase name="Then I can see the search results for &quot;Amazon&quot; in the search results page" classname="Scenario: home" time="0"/>
  <testcase name="And I can see the following tabs:" classname="Scenario: home" time="0"/>
  <testcase name="And I can see the following tabs:" classname="Scenario: home" time="0"/>
  <testcase name="And I can see the following tabs:" classname="Scenario: home" time="0"/>
  <testcase name="And I can see the following tabs:" classname="Scenario: home" time="0"/>
  <testcase name="Scenario: home" classname="Scenario: home" time="0.141"/>
  <testcase name="Scenario: home" classname="Scenario: home" time="0.137"/>
  <testcase name="Scenario: home" classname="Scenario: home" time="0.094"/>
  <testcase name="Scenario: home" classname="Scenario: home" time="0.08"/>
</testsuite>